2024-05-17 14:01:33,884 INFO autoreload Watching for file changes with StatReloader
2024-05-17 14:01:41,196 INFO basehttp "GET / HTTP/1.1" 302 0
2024-05-17 14:01:41,281 INFO basehttp "GET /accounts/login/?next=/ HTTP/1.1" 200 2148
2024-05-17 14:11:36,243 INFO autoreload Watching for file changes with StatReloader
2024-05-17 14:11:39,026 INFO basehttp "GET / HTTP/1.1" 302 0
2024-05-17 14:11:39,095 INFO basehttp "GET /accounts/login/?next=/ HTTP/1.1" 200 2148
2024-05-17 15:11:33,523 INFO autoreload Watching for file changes with StatReloader
2024-05-17 15:41:33,705 INFO autoreload Watching for file changes with StatReloader
2024-05-17 15:41:35,643 INFO basehttp "GET / HTTP/1.1" 200 708
2024-05-17 15:41:37,611 INFO basehttp "POST /sign/logout/ HTTP/1.1" 200 257
2024-05-17 15:41:41,096 INFO basehttp "GET /admin/ HTTP/1.1" 302 0
2024-05-17 15:41:41,188 INFO basehttp "GET /admin/login/?next=/admin/ HTTP/1.1" 200 4307
2024-05-17 15:41:41,448 INFO basehttp "GET /static/admin/img/icon-yes.svg HTTP/1.1" 200 436
2024-05-17 15:41:47,782 INFO basehttp "POST /admin/login/?next=/admin/ HTTP/1.1" 302 0
2024-05-17 15:41:47,856 INFO basehttp "GET /admin/ HTTP/1.1" 200 11874
2024-05-17 15:41:47,952 INFO basehttp "GET /static/admin/css/dashboard.css HTTP/1.1" 200 441
2024-05-17 15:41:47,977 INFO basehttp "GET /static/admin/img/icon-changelink.svg HTTP/1.1" 200 380
2024-05-17 15:41:47,981 INFO basehttp "GET /static/admin/img/icon-addlink.svg HTTP/1.1" 200 331
2024-05-17 15:41:51,683 INFO basehttp "GET /admin/account/emailaddress/ HTTP/1.1" 200 16161
2024-05-17 15:41:51,807 INFO basehttp "GET /static/admin/css/changelists.css HTTP/1.1" 200 6811
2024-05-17 15:41:51,837 INFO basehttp "GET /static/admin/js/jquery.init.js HTTP/1.1" 200 347
2024-05-17 15:41:51,863 INFO basehttp "GET /admin/jsi18n/ HTTP/1.1" 200 3342
2024-05-17 15:41:51,870 INFO basehttp "GET /static/admin/js/core.js HTTP/1.1" 200 6208
2024-05-17 15:41:51,871 INFO basehttp "GET /static/admin/js/actions.js HTTP/1.1" 200 8067
2024-05-17 15:41:51,871 INFO basehttp "GET /static/admin/js/urlify.js HTTP/1.1" 200 7887
2024-05-17 15:41:51,876 INFO basehttp "GET /static/admin/js/admin/RelatedObjectLookups.js HTTP/1.1" 200 9042
2024-05-17 15:41:51,896 INFO basehttp "GET /static/admin/js/prepopulate.js HTTP/1.1" 200 1531
2024-05-17 15:41:51,902 INFO basehttp "GET /static/admin/img/icon-no.svg HTTP/1.1" 200 560
2024-05-17 15:41:51,922 INFO basehttp "GET /static/admin/img/search.svg HTTP/1.1" 200 458
2024-05-17 15:41:51,984 INFO basehttp "GET /static/admin/js/vendor/jquery/jquery.js HTTP/1.1" 200 285314
2024-05-17 15:41:52,017 INFO basehttp "GET /static/admin/js/filters.js HTTP/1.1" 200 978
2024-05-17 15:41:52,048 INFO basehttp "GET /static/admin/js/vendor/xregexp/xregexp.js HTTP/1.1" 200 325171
2024-05-17 15:41:52,093 INFO basehttp "GET /static/admin/img/tooltag-add.svg HTTP/1.1" 200 331
2024-05-17 15:41:52,095 INFO basehttp "GET /static/admin/img/icon-viewlink.svg HTTP/1.1" 200 581
2024-05-17 15:41:56,095 INFO basehttp "GET /admin/ HTTP/1.1" 200 11874
2024-05-17 15:42:03,595 INFO basehttp "GET /admin/auth/user/ HTTP/1.1" 200 17381
2024-05-17 15:42:03,695 INFO basehttp "GET /admin/jsi18n/ HTTP/1.1" 200 3342
2024-05-17 15:42:03,759 INFO basehttp "GET /static/admin/img/sorting-icons.svg HTTP/1.1" 200 1097
2024-05-17 15:42:10,143 INFO basehttp "GET /admin/auth/user/1/change/ HTTP/1.1" 200 29623
2024-05-17 15:42:10,260 INFO basehttp "GET /static/admin/css/forms.css HTTP/1.1" 200 9090
2024-05-17 15:42:10,270 INFO basehttp "GET /admin/jsi18n/ HTTP/1.1" 200 3342
2024-05-17 15:42:10,291 INFO basehttp "GET /static/admin/js/prepopulate_init.js HTTP/1.1" 200 586
2024-05-17 15:42:10,292 INFO basehttp "GET /static/admin/js/admin/DateTimeShortcuts.js HTTP/1.1" 200 19319
2024-05-17 15:42:10,293 INFO basehttp "GET /static/admin/js/calendar.js HTTP/1.1" 200 9141
2024-05-17 15:42:10,297 INFO basehttp "GET /static/admin/css/widgets.css HTTP/1.1" 200 11800
2024-05-17 15:42:10,299 INFO basehttp "GET /static/admin/js/SelectBox.js HTTP/1.1" 200 4530
2024-05-17 15:42:10,300 INFO basehttp "GET /static/admin/js/SelectFilter2.js HTTP/1.1" 200 15492
2024-05-17 15:42:10,337 INFO basehttp "GET /static/admin/js/change_form.js HTTP/1.1" 200 606
2024-05-17 15:42:10,432 INFO basehttp "GET /static/admin/img/icon-unknown.svg HTTP/1.1" 200 655
2024-05-17 15:42:10,435 INFO basehttp "GET /static/admin/img/selector-icons.svg HTTP/1.1" 200 3291
2024-05-17 15:42:10,440 INFO basehttp "GET /static/admin/img/icon-unknown-alt.svg HTTP/1.1" 200 655
2024-05-17 15:42:10,444 INFO basehttp "GET /static/admin/img/icon-calendar.svg HTTP/1.1" 200 1086
2024-05-17 15:42:10,451 INFO basehttp "GET /static/admin/img/icon-clock.svg HTTP/1.1" 200 677
2024-05-17 15:42:12,795 INFO basehttp "GET /admin/auth/user/ HTTP/1.1" 200 17381
2024-05-17 15:42:21,435 INFO basehttp "GET /admin/auth/user/1/change/ HTTP/1.1" 200 29623
2024-05-17 15:42:21,538 INFO basehttp "GET /admin/jsi18n/ HTTP/1.1" 200 3342
2024-05-17 15:42:32,361 INFO basehttp "POST /admin/auth/user/1/change/ HTTP/1.1" 302 0
2024-05-17 15:42:32,403 INFO basehttp "GET /admin/auth/user/ HTTP/1.1" 200 17603
2024-05-17 15:42:32,519 INFO basehttp "GET /admin/jsi18n/ HTTP/1.1" 200 3342
2024-05-17 15:43:10,596 INFO autoreload C:\Users\ilyas\OneDrive\Рабочий стол\Python\Django_News_Portal\News_Portal\News_Portal\settings.py changed, reloading.
2024-05-17 15:47:27,856 INFO autoreload Watching for file changes with StatReloader
2024-05-17 15:47:30,400 INFO basehttp "GET / HTTP/1.1" 200 783
2024-05-17 15:47:35,869 INFO basehttp "GET /news_or_art/News_all HTTP/1.1" 200 10366
2024-05-17 15:47:43,939 INFO basehttp "GET /news_or_art/create_news/ HTTP/1.1" 200 1762
2024-05-17 15:47:57,634 ERROR log Internal Server Error: /news_or_art/create_news/
Traceback (most recent call last):
  File "C:\Users\ilyas\OneDrive\Рабочий стол\Python\Django_News_Portal\NewsPortal\lib\site-packages\django\core\handlers\exception.py", line 55, in inner
    response = get_response(request)
  File "C:\Users\ilyas\OneDrive\Рабочий стол\Python\Django_News_Portal\NewsPortal\lib\site-packages\django\core\handlers\base.py", line 197, in _get_response
    response = wrapped_callback(request, *callback_args, **callback_kwargs)
  File "C:\Users\ilyas\OneDrive\Рабочий стол\Python\Django_News_Portal\NewsPortal\lib\site-packages\django\views\generic\base.py", line 104, in view
    return self.dispatch(request, *args, **kwargs)
  File "C:\Users\ilyas\OneDrive\Рабочий стол\Python\Django_News_Portal\NewsPortal\lib\site-packages\django\contrib\auth\mixins.py", line 109, in dispatch
    return super().dispatch(request, *args, **kwargs)
  File "C:\Users\ilyas\OneDrive\Рабочий стол\Python\Django_News_Portal\NewsPortal\lib\site-packages\django\views\generic\base.py", line 143, in dispatch
    return handler(request, *args, **kwargs)
  File "C:\Users\ilyas\OneDrive\Рабочий стол\Python\Django_News_Portal\NewsPortal\lib\site-packages\django\views\generic\edit.py", line 182, in post
    return super().post(request, *args, **kwargs)
  File "C:\Users\ilyas\OneDrive\Рабочий стол\Python\Django_News_Portal\NewsPortal\lib\site-packages\django\views\generic\edit.py", line 151, in post
    return self.form_valid(form)
  File "C:\Users\ilyas\OneDrive\Рабочий стол\Python\Django_News_Portal\News_Portal\simpleapp\views.py", line 61, in form_valid
    post.link_Author = self.request.user.author
  File "C:\Users\ilyas\OneDrive\Рабочий стол\Python\Django_News_Portal\NewsPortal\lib\site-packages\django\utils\functional.py", line 253, in inner
    return func(_wrapped, *args)
  File "C:\Users\ilyas\OneDrive\Рабочий стол\Python\Django_News_Portal\NewsPortal\lib\site-packages\django\db\models\fields\related_descriptors.py", line 525, in __get__
    raise self.RelatedObjectDoesNotExist(
django.contrib.auth.models.User.author.RelatedObjectDoesNotExist: User has no author.
2024-05-17 15:47:57,644 ERROR basehttp "POST /news_or_art/create_news/ HTTP/1.1" 500 109760
2024-05-17 15:50:02,208 INFO autoreload Watching for file changes with StatReloader
2024-05-17 15:50:18,517 ERROR log Internal Server Error: /news_or_art/create_news/
Traceback (most recent call last):
  File "C:\Users\ilyas\OneDrive\Рабочий стол\Python\Django_News_Portal\NewsPortal\lib\site-packages\django\core\handlers\exception.py", line 55, in inner
    response = get_response(request)
  File "C:\Users\ilyas\OneDrive\Рабочий стол\Python\Django_News_Portal\NewsPortal\lib\site-packages\django\core\handlers\base.py", line 197, in _get_response
    response = wrapped_callback(request, *callback_args, **callback_kwargs)
  File "C:\Users\ilyas\OneDrive\Рабочий стол\Python\Django_News_Portal\NewsPortal\lib\site-packages\django\views\generic\base.py", line 104, in view
    return self.dispatch(request, *args, **kwargs)
  File "C:\Users\ilyas\OneDrive\Рабочий стол\Python\Django_News_Portal\NewsPortal\lib\site-packages\django\contrib\auth\mixins.py", line 109, in dispatch
    return super().dispatch(request, *args, **kwargs)
  File "C:\Users\ilyas\OneDrive\Рабочий стол\Python\Django_News_Portal\NewsPortal\lib\site-packages\django\views\generic\base.py", line 143, in dispatch
    return handler(request, *args, **kwargs)
  File "C:\Users\ilyas\OneDrive\Рабочий стол\Python\Django_News_Portal\NewsPortal\lib\site-packages\django\views\generic\edit.py", line 182, in post
    return super().post(request, *args, **kwargs)
  File "C:\Users\ilyas\OneDrive\Рабочий стол\Python\Django_News_Portal\NewsPortal\lib\site-packages\django\views\generic\edit.py", line 151, in post
    return self.form_valid(form)
  File "C:\Users\ilyas\OneDrive\Рабочий стол\Python\Django_News_Portal\News_Portal\simpleapp\views.py", line 61, in form_valid
    post.link_Author = self.request.user.author
  File "C:\Users\ilyas\OneDrive\Рабочий стол\Python\Django_News_Portal\NewsPortal\lib\site-packages\django\utils\functional.py", line 253, in inner
    return func(_wrapped, *args)
  File "C:\Users\ilyas\OneDrive\Рабочий стол\Python\Django_News_Portal\NewsPortal\lib\site-packages\django\db\models\fields\related_descriptors.py", line 525, in __get__
    raise self.RelatedObjectDoesNotExist(
django.contrib.auth.models.User.author.RelatedObjectDoesNotExist: User has no author.
2024-05-17 15:50:19,398 ERROR basehttp "POST /news_or_art/create_news/ HTTP/1.1" 500 109757
